#-----------------------------------------------------------
# Vivado v2017.4 (64-bit)
# SW Build 2086221 on Fri Dec 15 20:55:39 MST 2017
# IP Build 2085800 on Fri Dec 15 22:25:07 MST 2017
# Start of session at: Fri Nov 27 20:04:34 2020
# Process ID: 992
# Current directory: U:/CSU22022/ActualProject
# Command line: vivado.exe -gui_launcher_event rodinguilauncherevent11852 U:\CSU22022\ActualProject\ActualProject.xpr
# Log file: U:/CSU22022/ActualProject/vivado.log
# Journal file: U:/CSU22022/ActualProject\vivado.jou
#-----------------------------------------------------------
start_gui
open_project U:/CSU22022/ActualProject/ActualProject.xpr
Scanning sources...
Finished scanning sources
INFO: [IP_Flow 19-234] Refreshing IP repositories
INFO: [IP_Flow 19-1704] No user IP repositories specified
INFO: [IP_Flow 19-2313] Loaded Vivado IP repository 'C:/Xilinx/Vivado/2017.4/data/ip'.
update_compile_order -fileset sources_1
save_project_as project_1 U:/CSU22022/project_1 -force
exit
INFO: [Common 17-206] Exiting Vivado at Fri Nov 27 20:47:32 2020...
