#-----------------------------------------------------------
# Vivado v2017.4 (64-bit)
# SW Build 2086221 on Fri Dec 15 20:55:39 MST 2017
# IP Build 2085800 on Fri Dec 15 22:25:07 MST 2017
# Start of session at: Wed Nov 18 22:45:47 2020
# Process ID: 4804
# Current directory: U:/CSU22022/ActualProject
# Command line: vivado.exe -gui_launcher_event rodinguilauncherevent10116 U:\CSU22022\ActualProject\ActualProject.xpr
# Log file: U:/CSU22022/ActualProject/vivado.log
# Journal file: U:/CSU22022/ActualProject\vivado.jou
#-----------------------------------------------------------
start_gui
open_project U:/CSU22022/ActualProject/ActualProject.xpr
Scanning sources...
Finished scanning sources
INFO: [IP_Flow 19-234] Refreshing IP repositories
INFO: [IP_Flow 19-1704] No user IP repositories specified
INFO: [IP_Flow 19-2313] Loaded Vivado IP repository 'C:/Xilinx/Vivado/2017.4/data/ip'.
update_compile_order -fileset sources_1
exit
INFO: [Common 17-206] Exiting Vivado at Wed Nov 18 22:47:56 2020...
compile_order -fileset sources_1
close [ open U:/CSU22022/ActualProject/ActualProject.srcs/sources_1/new/ripple_adder_32_tb.vhd w ]
add_files U:/CSU22022/ActualProject/ActualProject.srcs/sources_1/new/ripple_adder_32_tb.vhd
close [ open U:/CSU22022/ActualProject/ActualProject.srcs/sources_1/new/ripple_adder_32.vhd w ]
add_files U:/CSU22022/ActualProject/ActualProject.srcs/sources_1/new/ripple_adder_32.vhd
update_compile_order -fileset sources_1
close [ open U:/CSU22022/ActualProject/ActualProject.srcs/sources_1/new/ripple_adder.vhd w ]
add_files U:/CSU22022/ActualProject/ActualProject.srcs/sources_1/new/ripple_adder.vhd
close [ open U:/CSU22022/ActualProject/ActualProject.srcs/sources_1/new/ripple_adder_tb.vhd w ]
add_files U:/CSU22022/ActualProject/ActualProject.srcs/sources_1/new/ripple_adder_tb.vhd
update_compile_order -fileset sources_1
close [ open U:/CSU22022/ActualProject/ActualProject.srcs/sources_1/new/full_adder.vhd w ]
add_files U:/CSU22022/ActualProject/ActualProject.srcs/sources_1/new/full_adder.vhd
close [ open U:/CSU22022/ActualProject/ActualProject.srcs/sources_1/new/full_adder_tb.vhd w ]
add_files U:/CSU22022/ActualProject/ActualProject.srcs/sources_1/new/full_adder_tb.vhd
update_compile_order -fileset sources_1
export_ip_user_files -of_objects  [get_files U:/CSU22022/ActualProject/ActualProject.srcs/sources_1/new/ripple_adder.vhd] -no_script -reset -force -quiet
remove_files  U:/CSU22022/ActualProject/ActualProject.srcs/sources_1/new/ripple_adder.vhd
export_ip_user_files -of_objects  [get_files U:/CSU22022/ActualProject/ActualProject.srcs/sources_1/new/ripple_adder_tb.vhd] -no_script -reset -force -quiet
remove_files  U:/CSU22022/ActualProject/ActualProject.srcs/sources_1/new/ripple_adder_tb.vhd
set_property top full_adder_tb [get_filesets sim_1]
set_property top_lib xil_defaultlib [get_filesets sim_1]
WARNING: [filemgmt 56-199] Attempt to get parsing info during refresh. "On-the-fly" syntax checking information may be incorrect. [U:/CSU22022/ActualProject/ActualProject.srcs/sources_1/new/mux32to1.vhd:]
WARNING: [filemgmt 56-199] Attempt to get parsing info during refresh. "On-the-fly" syntax checking information may be incorrect. [U:/CSU22022/ActualProject/ActualProject.srcs/sources_1/new/full_adder.vhd:]
WARNING: [filemgmt 56-199] Attempt to get parsing info during refresh. "On-the-fly" syntax checking information may be incorrect. [U:/CSU22022/ActualProject/ActualProject.srcs/sources_1/new/decoder_5to32.vhd:]
WARNING: [filemgmt 56-199] Attempt to get parsing info during refresh. "On-the-fly" syntax checking information may be incorrect. [U:/CSU22022/ActualProject/ActualProject.srcs/sources_1/new/mux32to1_tb.vhd:]
WARNING: [filemgmt 56-199] Attempt to get parsing info during refresh. "On-the-fly" syntax checking information may be incorrect. [U:/CSU22022/ActualProject/ActualProject.srcs/sources_1/new/decoder_5to32_tb.vhd:]
WARNING: [filemgmt 56-199] Attempt to get parsing info during refresh. "On-the-fly" syntax checking information may be incorrect. [U:/CSU22022/ActualProject/ActualProject.srcs/sources_1/new/ripple_adder_32.vhd:]
WARNING: [filemgmt 56-199] Attempt to get parsing info during refresh. "On-the-fly" syntax checking information may be incorrect. [U:/CSU22022/ActualProject/ActualProject.srcs/sources_1/new/register_file.vhd:]
WARNING: [filemgmt 56-199] Attempt to get parsing info during refresh. "On-the-fly" syntax checking information may be incorrect. [U:/CSU22022/ActualProject/ActualProject.srcs/sources_1/new/ripple_adder.vhd:]
WARNING: [filemgmt 56-199] Attempt to get parsing info during refresh. "On-the-fly" syntax checking information may be incorrect. [U:/CSU22022/ActualProject/ActualProject.srcs/sources_1/new/reg.vhd:]
WARNING: [filemgmt 56-199] Attempt to get parsing info during refresh. "On-the-fly" syntax checking information may be incorrect. [U:/CSU22022/ActualProject/ActualProject.srcs/sources_1/new/full_adder_tb.vhd:]
WARNING: [filemgmt 56-199] Attempt to get parsing info during refresh. "On-the-fly" syntax checking information may be incorrect. [U:/CSU22022/ActualProject/ActualProject.srcs/sources_1/new/reg_tb.vhd:]
WARNING: [filemgmt 56-199] Attempt to get parsing info during refresh. "On-the-fly" syntax checking information may be incorrect. [U:/CSU22022/ActualProject/ActualProject.srcs/sources_1/new/mux32to1.vhd:]
WARNING: [filemgmt 56-199] Attempt to get parsing info during refresh. "On-the-fly" syntax checking information may be incorrect. [U:/CSU22022/ActualProject/ActualProject.srcs/sources_1/new/full_adder.vhd:]
WARNING: [filemgmt 56-199] Attempt to get parsing info during refresh. "On-the-fly" syntax checking information may be incorrect. [U:/CSU22022/ActualProject/ActualProject.srcs/sources_1/new/decoder_5to32.vhd:]
WARNING: [filemgmt 56-199] Attempt to get parsing info during refresh. "On-the-fly" syntax checking information may be incorrect. [U:/CSU22022/ActualProject/ActualProject.srcs/sources_1/new/mux32to1_tb.vhd:]
WARNING: [filemgmt 56-199] Attempt to get parsing info during refresh. "On-the-fly" syntax checking information may be incorrect. [U:/CSU22022/ActualProject/ActualProject.srcs/sources_1/new/decoder_5to32_tb.vhd:]
WARNING: [filemgmt 56-199] Attempt to get parsing info during refresh. "On-the-fly" syntax checking information may be incorrect. [U:/CSU22022/ActualProject/ActualProject.srcs/sources_1/new/ripple_adder_32.vhd:]
WARNING: [filemgmt 56-199] Attempt to get parsing info during refresh. "On-the-fly" syntax checking information may be incorrect. [U:/CSU22022/ActualProject/ActualProject.srcs/sources_1/new/register_file.vhd:]
WARNING: [filemgmt 56-199] Attempt to get parsing info during refresh. "On-the-fly" syntax checking information may be incorrect. [U:/CSU22022/ActualProject/ActualProject.srcs/sources_1/new/ripple_adder.vhd:]
WARNING: [filemgmt 56-199] Attempt to get parsing info during refresh. "On-the-fly" syntax checking information may be incorrect. [U:/CSU22022/ActualProject/ActualProject.srcs/sources_1/new/reg.vhd:]
WARNING: [filemgmt 56-199] Attempt to get parsing info during refresh. "On-the-fly" syntax checking information may be incorrect. [U:/CSU22022/ActualProject/ActualProject.srcs/sources_1/new/full_adder_tb.vhd:]
WARNING: [filemgmt 56-199] Attempt to get parsing info during refresh. "On-the-fly" syntax checking information may be incorrect. [U:/CSU22022/ActualProject/ActualProject.srcs/sources_1/new/reg_tb.vhd:]
WARNING: [filemgmt 56-199] Attempt to get parsing info during refresh. "On-the-fly" syntax checking information may be incorrect. [U:/CSU22022/ActualProject/ActualProject.srcs/sources_1/new/mux32to1.vhd:]
WARNING: [filemgmt 56-199] Attempt to get parsing info during refresh. "On-the-fly" syntax checking information may be incorrect. [U:/CSU22022/ActualProject/ActualProject.srcs/sources_1/new/full_adder.vhd:]
WARNING: [filemgmt 56-199] Attempt to get parsing info during refresh. "On-the-fly" syntax checking information may be incorrect. [U:/CSU22022/ActualProject/ActualProject.srcs/sources_1/new/decoder_5to32.vhd:]
WARNING: [filemgmt 56-199] Attempt to get parsing info during refresh. "On-the-fly" syntax checking information may be incorrect. [U:/CSU22022/ActualProject/ActualProject.srcs/sources_1/new/mux32to1_tb.vhd:]
WARNING: [filemgmt 56-199] Attempt to get parsing info during refresh. "On-the-fly" syntax checking information may be incorrect. [U:/CSU22022/ActualProject/ActualProject.srcs/sources_1/new/decoder_5to32_tb.vhd:]
WARNING: [filemgmt 56-199] Attempt to get parsing info during refresh. "On-the-fly" syntax checking information may be incorrect. [U:/CSU22022/ActualProject/ActualProject.srcs/sources_1/new/ripple_adder_32.vhd:]
WARNING: [filemgmt 56-199] Attempt to get parsing info during refresh. "On-the-fly" syntax checking information may be incorrect. [U:/CSU22022/ActualProject/ActualProject.srcs/sources_1/new/register_file.vhd:]
WARNING: [filemgmt 56-199] Attempt to get parsing info during refresh. "On-the-fly" syntax checking information may be incorrect. [U:/CSU22022/ActualProject/ActualProject.srcs/sources_1/new/ripple_adder.vhd:]
WARNING: [filemgmt 56-199] Attempt to get parsing info during refresh. "On-the-fly" syntax checking information may be incorrect. [U:/CSU22022/ActualProject/ActualProject.srcs/sources_1/new/reg.vhd:]
WARNING: [filemgmt 56-199] Attempt to get parsing info during refresh. "On-the-fly" syntax checking information may be incorrect. [U:/CSU22022/ActualProject/ActualProject.srcs/sources_1/new/full_adder_tb.vhd:]
WARNING: [filemgmt 56-199] Attempt to get parsing info during refresh. "On-the-fly" syntax checking information may be incorrect. [U:/CSU22022/ActualProject/ActualProject.srcs/sources_1/new/reg_tb.vhd:]
WARNING: [filemgmt 56-199] Attempt to get parsing info during refresh. "On-the-fly" syntax checking information may be incorrect. [U:/CSU22022/ActualProject/ActualProject.srcs/sources_1/new/mux32to1.vhd:]
WARNING: [filemgmt 56-199] Attempt to get parsing info during refresh. "On-the-fly" syntax checking information may be incorrect. [U:/CSU22022/ActualProject/ActualProject.srcs/sources_1/new/full_adder.vhd:]
WARNING: [filemgmt 56-199] Attempt to get parsing info during refresh. "On-the-fly" syntax checking information may be incorrect. [U:/CSU22022/ActualProject/ActualProject.srcs/sources_1/new/decoder_5to32.vhd:]
WARNING: [filemgmt 56-199] Attempt to get parsing info during refresh. "On-the-fly" syntax checking information may be incorrect. [U:/CSU22022/ActualProject/ActualProject.srcs/sources_1/new/mux32to1_tb.vhd:]
WARNING: [filemgmt 56-199] Attempt to get parsing info during refresh. "On-the-fly" syntax checking information may be incorrect. [U:/CSU22022/ActualProject/ActualProject.srcs/sources_1/new/decoder_5to32_tb.vhd:]
WARNING: [filemgmt 56-199] Attempt to get parsing info during refresh. "On-the-fly" syntax checking information may be incorrect. [U:/CSU22022/ActualProject/ActualProject.srcs/sources_1/new/ripple_adder_32.vhd:]
WARNING: [filemgmt 56-199] Attempt to get parsing info during refresh. "On-the-fly" syntax checking information may be incorrect. [U:/CSU22022/ActualProject/ActualProject.srcs/sources_1/new/register_file.vhd:]
WARNING: [filemgmt 56-199] Attempt to get parsing info during refresh. "On-the-fly" syntax checking information may be incorrect. [U:/CSU22022/ActualProject/ActualProject.srcs/sources_1/new/ripple_adder.vhd:]
WARNING: [filemgmt 56-199] Attempt to get parsing info during refresh. "On-the-fly" syntax checking information may be incorrect. [U:/CSU22022/ActualProject/ActualProject.srcs/sources_1/new/reg.vhd:]
WARNING: [filemgmt 56-199] Attempt to get parsing info during refresh. "On-the-fly" syntax checking information may be incorrect. [U:/CSU22022/ActualProject/ActualProject.srcs/sources_1/new/full_adder_tb.vhd:]
WARNING: [filemgmt 56-199] Attempt to get parsing info during refresh. "On-the-fly" syntax checking information may be incorrect. [U:/CSU22022/ActualProject/ActualProject.srcs/sources_1/new/reg_tb.vhd:]
WARNING: [filemgmt 56-199] Attempt to get parsing info during refresh. "On-the-fly" syntax checking information may be incorrect. [U:/CSU22022/ActualProject/ActualProject.srcs/sources_1/new/mux32to1.vhd:]
WARNING: [filemgmt 56-199] Attempt to get parsing info during refresh. "On-the-fly" syntax checking information may be incorrect. [U:/CSU22022/ActualProject/ActualProject.srcs/sources_1/new/full_adder.vhd:]
WARNING: [filemgmt 56-199] Attempt to get parsing info during refresh. "On-the-fly" syntax checking information may be incorrect. [U:/CSU22022/ActualProject/ActualProject.srcs/sources_1/new/decoder_5to32.vhd:]
WARNING: [filemgmt 56-199] Attempt to get parsing info during refresh. "On-the-fly" syntax checking information may be incorrect. [U:/CSU22022/ActualProject/ActualProject.srcs/sources_1/new/mux32to1_tb.vhd:]
WARNING: [filemgmt 56-199] Attempt to get parsing info during refresh. "On-the-fly" syntax checking information may be incorrect. [U:/CSU22022/ActualProject/ActualProject.srcs/sources_1/new/decoder_5to32_tb.vhd:]
WARNING: [filemgmt 56-199] Attempt to get parsing info during refresh. "On-the-fly" syntax checking information may be incorrect. [U:/CSU22022/ActualProject/ActualProject.srcs/sources_1/new/ripple_adder_32.vhd:]
WARNING: [filemgmt 56-199] Attempt to get parsing info during refresh. "On-the-fly" syntax checking information may be incorrect. [U:/CSU22022/ActualProject/ActualProject.srcs/sources_1/new/register_file.vhd:]
WARNING: [filemgmt 56-199] Attempt to get parsing info during refresh. "On-the-fly" syntax checking information may be incorrect. [U:/CSU22022/ActualProject/ActualProject.srcs/sources_1/new/ripple_adder.vhd:]
WARNING: [filemgmt 56-199] Attempt to get parsing info during refresh. "On-the-fly" syntax checking information may be incorrect. [U:/CSU22022/ActualProject/ActualProject.srcs/sources_1/new/reg.vhd:]
WARNING: [filemgmt 56-199] Attempt to get parsing info during refresh. "On-the-fly" syntax checking information may be incorrect. [U:/CSU22022/ActualProject/ActualProject.srcs/sources_1/new/full_adder_tb.vhd:]
WARNING: [filemgmt 56-199] Attempt to get parsing info during refresh. "On-the-fly" syntax checking information may be incorrect. [U:/CSU22022/ActualProject/ActualProject.srcs/sources_1/new/reg_tb.vhd:]
WARNING: [filemgmt 56-199] Attempt to get parsing info during refresh. "On-the-fly" syntax checking information may be incorrect. [U:/CSU22022/ActualProject/ActualProject.srcs/sources_1/new/mux32to1.vhd:]
WARNING: [filemgmt 56-199] Attempt to get parsing info during refresh. "On-the-fly" syntax checking information may be incorrect. [U:/CSU22022/ActualProject/ActualProject.srcs/sources_1/new/full_adder.vhd:]
WARNING: [filemgmt 56-199] Attempt to get parsing info during refresh. "On-the-fly" syntax checking information may be incorrect. [U:/CSU22022/ActualProject/ActualProject.srcs/sources_1/new/decoder_5to32.vhd:]
WARNING: [filemgmt 56-199] Attempt to get parsing info during refresh. "On-the-fly" syntax checking information may be incorrect. [U:/CSU22022/ActualProject/ActualProject.srcs/sources_1/new/mux32to1_tb.vhd:]
WARNING: [filemgmt 56-199] Attempt to get parsing info during refresh. "On-the-fly" syntax checking information may be incorrect. [U:/CSU22022/ActualProject/ActualProject.srcs/sources_1/new/decoder_5to32_tb.vhd:]
WARNING: [filemgmt 56-199] Attempt to get parsing info during refresh. "On-the-fly" syntax checking information may be incorrect. [U:/CSU22022/ActualProject/ActualProject.srcs/sources_1/new/ripple_adder_32.vhd:]
WARNING: [filemgmt 56-199] Attempt to get parsing info during refresh. "On-the-fly" syntax checking information may be incorrect. [U:/CSU22022/ActualProject/ActualProject.srcs/sources_1/new/register_file.vhd:]
WARNING: [filemgmt 56-199] Attempt to get parsing info during refresh. "On-the-fly" syntax checking information may be incorrect. [U:/CSU22022/ActualProject/ActualProject.srcs/sources_1/new/ripple_adder.vhd:]
WARNING: [filemgmt 56-199] Attempt to get parsing info during refresh. "On-the-fly" syntax checking information may be incorrect. [U:/CSU22022/ActualProject/ActualProject.srcs/sources_1/new/reg.vhd:]
WARNING: [filemgmt 56-199] Attempt to get parsing info during refresh. "On-the-fly" syntax checking information may be incorrect. [U:/CSU22022/ActualProject/ActualProject.srcs/sources_1/new/full_adder_tb.vhd:]
WARNING: [filemgmt 56-199] Attempt to get parsing info during refresh. "On-the-fly" syntax checking information may be incorrect. [U:/CSU22022/ActualProject/ActualProject.srcs/sources_1/new/reg_tb.vhd:]
WARNING: [filemgmt 56-199] Attempt to get parsing info during refresh. "On-the-fly" syntax checking information may be incorrect. [U:/CSU22022/ActualProject/ActualProject.srcs/sources_1/new/mux32to1.vhd:]
WARNING: [filemgmt 56-199] Attempt to get parsing info during refresh. "On-the-fly" syntax checking information may be incorrect. [U:/CSU22022/ActualProject/ActualProject.srcs/sources_1/new/full_adder.vhd:]
WARNING: [filemgmt 56-199] Attempt to get parsing info during refresh. "On-the-fly" syntax checking information may be incorrect. [U:/CSU22022/ActualProject/ActualProject.srcs/sources_1/new/decoder_5to32.vhd:]
WARNING: [filemgmt 56-199] Attempt to get parsing info during refresh. "On-the-fly" syntax checking information may be incorrect. [U:/CSU22022/ActualProject/ActualProject.srcs/sources_1/new/mux32to1_tb.vhd:]
WARNING: [filemgmt 56-199] Attempt to get parsing info during refresh. "On-the-fly" syntax checking information may be incorrect. [U:/CSU22022/ActualProject/ActualProject.srcs/sources_1/new/decoder_5to32_tb.vhd:]
WARNING: [filemgmt 56-199] Attempt to get parsing info during refresh. "On-the-fly" syntax checking information may be incorrect. [U:/CSU22022/ActualProject/ActualProject.srcs/sources_1/new/ripple_adder_32.vhd:]
WARNING: [filemgmt 56-199] Attempt to get parsing info during refresh. "On-the-fly" syntax checking information may be incorrect. [U:/CSU22022/ActualProject/ActualProject.srcs/sources_1/new/register_file.vhd:]
WARNING: [filemgmt 56-199] Attempt to get parsing info during refresh. "On-the-fly" syntax checking information may be incorrect. [U:/CSU22022/ActualProject/ActualProject.srcs/sources_1/new/ripple_adder.vhd:]
WARNING: [filemgmt 56-199] Attempt to get parsing info during refresh. "On-the-fly" syntax checking information may be incorrect. [U:/CSU22022/ActualProject/ActualProject.srcs/sources_1/new/reg.vhd:]
WARNING: [filemgmt 56-199] Attempt to get parsing info during refresh. "On-the-fly" syntax checking information may be incorrect. [U:/CSU22022/ActualProject/ActualProject.srcs/sources_1/new/full_adder_tb.vhd:]
WARNING: [filemgmt 56-199] Attempt to get parsing info during refresh. "On-the-fly" syntax checking information may be incorrect. [U:/CSU22022/ActualProject/ActualProject.srcs/sources_1/new/reg_tb.vhd:]
launch_simulation
INFO: [Vivado 12-5682] Launching behavioral simulation in 'U:/CSU22022/ActualProject/ActualProject.sim/sim_1/behav/xsim'
INFO: [SIM-utils-51] Simulation object is 'sim_1'
INFO: [SIM-utils-54] Inspecting design source files for 'full_adder_tb' in fileset 'sim_1'...
INFO: [USF-XSim-97] Finding global include files...
INFO: [USF-XSim-98] Fetching design files from 'sim_1'...
INFO: [USF-XSim-2] XSim::Compile design
INFO: [USF-XSim-61] Executing 'COMPILE and ANALYZE' step in 'U:/CSU22022/ActualProject/ActualProject.sim/sim_1/behav/xsim'
"xvhdl --incr --relax -prj full_adder_tb_vhdl.prj"
INFO: [VRFC 10-163] Analyzing VHDL file "U:/CSU22022/ActualProject/ActualProject.srcs/sources_1/new/full_adder.vhd" into library xil_defaultlib
INFO: [VRFC 10-307] analyzing entity full_adder
INFO: [VRFC 10-163] Analyzing VHDL file "U:/CSU22022/ActualProject/ActualProject.srcs/sources_1/new/full_adder_tb.vhd" into library xil_defaultlib
INFO: [VRFC 10-307] analyzing entity full_adder_tb
ERROR: [VRFC 10-1412] syntax error near COMPONENET [U:/CSU22022/ActualProject/ActualProject.srcs/sources_1/new/full_adder_tb.vhd:39]
ERROR: [VRFC 10-91] full_adder is not declared [U:/CSU22022/ActualProject/ActualProject.srcs/sources_1/new/full_adder_tb.vhd:52]
ERROR: [VRFC 10-1464] type std_logic does not match with a string literal [U:/CSU22022/ActualProject/ActualProject.srcs/sources_1/new/full_adder_tb.vhd:62]
ERROR: [VRFC 10-1464] type std_logic does not match with a string literal [U:/CSU22022/ActualProject/ActualProject.srcs/sources_1/new/full_adder_tb.vhd:63]
ERROR: [VRFC 10-1464] type std_logic does not match with a string literal [U:/CSU22022/ActualProject/ActualProject.srcs/sources_1/new/full_adder_tb.vhd:64]
ERROR: [VRFC 10-1464] type std_logic does not match with a string literal [U:/CSU22022/ActualProject/ActualProject.srcs/sources_1/new/full_adder_tb.vhd:67]
ERROR: [VRFC 10-1464] type std_logic does not match with a string literal [U:/CSU22022/ActualProject/ActualProject.srcs/sources_1/new/full_adder_tb.vhd:68]
ERROR: [VRFC 10-1464] type std_logic does not match with a string literal [U:/CSU22022/ActualProject/ActualProject.srcs/sources_1/new/full_adder_tb.vhd:69]
ERROR: [VRFC 10-1464] type std_logic does not match with a string literal [U:/CSU22022/ActualProject/ActualProject.srcs/sources_1/new/full_adder_tb.vhd:72]
ERROR: [VRFC 10-1464] type std_logic does not match with a string literal [U:/CSU22022/ActualProject/ActualProject.srcs/sources_1/new/full_adder_tb.vhd:73]
ERROR: [VRFC 10-1464] type std_logic does not match with a string literal [U:/CSU22022/ActualProject/ActualProject.srcs/sources_1/new/full_adder_tb.vhd:74]
ERROR: [VRFC 10-1464] type std_logic does not match with a string literal [U:/CSU22022/ActualProject/ActualProject.srcs/sources_1/new/full_adder_tb.vhd:77]
ERROR: [VRFC 10-1464] type std_logic does not match with a string literal [U:/CSU22022/ActualProject/ActualProject.srcs/sources_1/new/full_adder_tb.vhd:78]
ERROR: [VRFC 10-1464] type std_logic does not match with a string literal [U:/CSU22022/ActualProject/ActualProject.srcs/sources_1/new/full_adder_tb.vhd:79]
ERROR: [VRFC 10-1504] unit behavior ignored due to previous errors [U:/CSU22022/ActualProject/ActualProject.srcs/sources_1/new/full_adder_tb.vhd:37]
INFO: [VRFC 10-240] VHDL file U:/CSU22022/ActualProject/ActualProject.srcs/sources_1/new/full_adder_tb.vhd ignored due to errors
INFO: [USF-XSim-69] 'compile' step finished in '2' seconds
INFO: [USF-XSim-99] Step results log file:'U:/CSU22022/ActualProject/ActualProject.sim/sim_1/behav/xsim/xvhdl.log'
ERROR: [USF-XSim-62] 'compile' step failed with error(s). Please check the Tcl console output or 'U:/CSU22022/ActualProject/ActualProject.sim/sim_1/behav/xsim/xvhdl.log' file for more information.
ERROR: [Vivado 12-4473] Detected error while running simulation. Please correct the issue and retry this operation.
ERROR: [Common 17-39] 'launch_simulation' failed due to earlier errors.
